<?xml version="1.0" encoding="UTF-8" ?>
<testsuite errors="0" failures="0" hostname="tropicaliceland.local" name="clustering.fcm.TestManager" tests="1" time="9950.421" timestamp="2011-01-10T14:27:15">
  <properties>
[...]
</properties>
  <testcase classname="clustering.fcm.TestManager" name="test" time="9950.162" />
  <system-out><![CDATA[/Users/valerio/Desktop/sfcm
2
blobs_noise.png fuzzyness:1.1 k:4 rnd:48 init:random V (Forgy)
Stack slices 1
Distance Matrix allocated
Random V
Allocating U^m matrix


UM


Distance Matrix allocated
blobs_noise.png fuzzyness:1.1 k:4 rnd:48 init:K-Means++
Stack slices 1
Distance Matrix allocated


U


K-Means++
Allocating U^m matrix


UM


Distance Matrix allocated
blobs_noise.png fuzzyness:1.1 k:4 rnd:48 init:random U
Stack slices 1
Random U
Allocating U^m matrix


UM


Distance Matrix allocated
blobs_noise.png fuzzyness:1.1 k:4 rnd:1000 init:random V (Forgy)
Stack slices 1
Distance Matrix allocated
Random V
Allocating U^m matrix


UM


Distance Matrix allocated
blobs_noise.png fuzzyness:1.1 k:4 rnd:1000 init:K-Means++
Stack slices 1
Distance Matrix allocated


U


K-Means++
Allocating U^m matrix


UM


Distance Matrix allocated
blobs_noise.png fuzzyness:1.1 k:4 rnd:1000 init:random U
Stack slices 1
Random U
Allocating U^m matrix


UM


Distance Matrix allocated
blobs_noise.png fuzzyness:1.1 k:12 rnd:48 init:random V (Forgy)
Stack slices 1
Distance Matrix allocated
Random V
Allocating U^m matrix


UM


Distance Matrix allocated
blobs_noise.png fuzzyness:1.1 k:12 rnd:48 init:K-Means++
Stack slices 1
Distance Matrix allocated


U


K-Means++
Allocating U^m matrix


UM


Distance Matrix allocated
blobs_noise.png fuzzyness:1.1 k:12 rnd:48 init:random U
Stack slices 1
Random U
Allocating U^m matrix


UM


Distance Matrix allocated
blobs_noise.png fuzzyness:1.1 k:12 rnd:1000 init:random V (Forgy)
Stack slices 1
Distance Matrix allocated
Random V
Allocating U^m matrix


UM


Distance Matrix allocated
blobs_noise.png fuzzyness:1.1 k:12 rnd:1000 init:K-Means++
Stack slices 1
Distance Matrix allocated


U


K-Means++
Allocating U^m matrix


UM


Distance Matrix allocated
blobs_noise.png fuzzyness:1.1 k:12 rnd:1000 init:random U
Stack slices 1
Random U
Allocating U^m matrix


UM


Distance Matrix allocated
blobs_noise.png fuzzyness:1.1 k:20 rnd:48 init:random V (Forgy)
Stack slices 1
Distance Matrix allocated
Random V
Allocating U^m matrix


UM


Distance Matrix allocated
blobs_noise.png fuzzyness:1.1 k:20 rnd:48 init:K-Means++
Stack slices 1
Distance Matrix allocated


U


K-Means++
Allocating U^m matrix


UM


Distance Matrix allocated
blobs_noise.png fuzzyness:1.1 k:20 rnd:48 init:random U
Stack slices 1
Random U
Allocating U^m matrix


UM


Distance Matrix allocated
blobs_noise.png fuzzyness:1.1 k:20 rnd:1000 init:random V (Forgy)
Stack slices 1
Distance Matrix allocated
Random V
Allocating U^m matrix


UM


Distance Matrix allocated
blobs_noise.png fuzzyness:1.1 k:20 rnd:1000 init:K-Means++
Stack slices 1
Distance Matrix allocated


U


K-Means++
Allocating U^m matrix


UM


Distance Matrix allocated
blobs_noise.png fuzzyness:1.1 k:20 rnd:1000 init:random U
Stack slices 1
Random U
Allocating U^m matrix


UM


Distance Matrix allocated
blobs_noise.png fuzzyness:2.0 k:4 rnd:48 init:random V (Forgy)
Stack slices 1
Distance Matrix allocated
Random V
Allocating U^m matrix


UM


Distance Matrix allocated
blobs_noise.png fuzzyness:2.0 k:4 rnd:48 init:K-Means++
Stack slices 1
Distance Matrix allocated


U


K-Means++
Allocating U^m matrix


UM


Distance Matrix allocated
blobs_noise.png fuzzyness:2.0 k:4 rnd:48 init:random U
Stack slices 1
Random U
Allocating U^m matrix


UM


Distance Matrix allocated
blobs_noise.png fuzzyness:2.0 k:4 rnd:1000 init:random V (Forgy)
Stack slices 1
Distance Matrix allocated
Random V
Allocating U^m matrix


UM


Distance Matrix allocated
blobs_noise.png fuzzyness:2.0 k:4 rnd:1000 init:K-Means++
Stack slices 1
Distance Matrix allocated


U


K-Means++
Allocating U^m matrix


UM


Distance Matrix allocated
blobs_noise.png fuzzyness:2.0 k:4 rnd:1000 init:random U
Stack slices 1
Random U
Allocating U^m matrix


UM


Distance Matrix allocated
blobs_noise.png fuzzyness:2.0 k:12 rnd:48 init:random V (Forgy)
Stack slices 1
Distance Matrix allocated
Random V
Allocating U^m matrix


UM


Distance Matrix allocated
blobs_noise.png fuzzyness:2.0 k:12 rnd:48 init:K-Means++
Stack slices 1
Distance Matrix allocated


U


K-Means++
Allocating U^m matrix


UM


Distance Matrix allocated
blobs_noise.png fuzzyness:2.0 k:12 rnd:48 init:random U
Stack slices 1
Random U
Allocating U^m matrix


UM


Distance Matrix allocated
blobs_noise.png fuzzyness:2.0 k:12 rnd:1000 init:random V (Forgy)
Stack slices 1
Distance Matrix allocated
Random V
Allocating U^m matrix


UM


Distance Matrix allocated
blobs_noise.png fuzzyness:2.0 k:12 rnd:1000 init:K-Means++
Stack slices 1
Distance Matrix allocated


U


K-Means++
Allocating U^m matrix


UM


Distance Matrix allocated
blobs_noise.png fuzzyness:2.0 k:12 rnd:1000 init:random U
Stack slices 1
Random U
Allocating U^m matrix


UM


Distance Matrix allocated
blobs_noise.png fuzzyness:2.0 k:20 rnd:48 init:random V (Forgy)
Stack slices 1
Distance Matrix allocated
Random V
Allocating U^m matrix


UM


Distance Matrix allocated
blobs_noise.png fuzzyness:2.0 k:20 rnd:48 init:K-Means++
Stack slices 1
Distance Matrix allocated


U


K-Means++
Allocating U^m matrix


UM


Distance Matrix allocated
blobs_noise.png fuzzyness:2.0 k:20 rnd:48 init:random U
Stack slices 1
Random U
Allocating U^m matrix


UM


Distance Matrix allocated
blobs_noise.png fuzzyness:2.0 k:20 rnd:1000 init:random V (Forgy)
Stack slices 1
Distance Matrix allocated
Random V
Allocating U^m matrix


UM


Distance Matrix allocated
blobs_noise.png fuzzyness:2.0 k:20 rnd:1000 init:K-Means++
Stack slices 1
Distance Matrix allocated


U


K-Means++
Allocating U^m matrix


UM


Distance Matrix allocated
blobs_noise.png fuzzyness:2.0 k:20 rnd:1000 init:random U
Stack slices 1
Random U
Allocating U^m matrix


UM


Distance Matrix allocated
blobs_noise.png fuzzyness:5.0 k:4 rnd:48 init:random V (Forgy)
Stack slices 1
Distance Matrix allocated
Random V
Allocating U^m matrix


UM


Distance Matrix allocated
blobs_noise.png fuzzyness:5.0 k:4 rnd:48 init:K-Means++
Stack slices 1
Distance Matrix allocated


U


K-Means++
Allocating U^m matrix


UM


Distance Matrix allocated
blobs_noise.png fuzzyness:5.0 k:4 rnd:48 init:random U
Stack slices 1
Random U
Allocating U^m matrix


UM


Distance Matrix allocated
blobs_noise.png fuzzyness:5.0 k:4 rnd:1000 init:random V (Forgy)
Stack slices 1
Distance Matrix allocated
Random V
Allocating U^m matrix


UM


Distance Matrix allocated
blobs_noise.png fuzzyness:5.0 k:4 rnd:1000 init:K-Means++
Stack slices 1
Distance Matrix allocated


U


K-Means++
Allocating U^m matrix


UM


Distance Matrix allocated
blobs_noise.png fuzzyness:5.0 k:4 rnd:1000 init:random U
Stack slices 1
Random U
Allocating U^m matrix


UM


Distance Matrix allocated
blobs_noise.png fuzzyness:5.0 k:12 rnd:48 init:random V (Forgy)
Stack slices 1
Distance Matrix allocated
Random V
Allocating U^m matrix


UM


Distance Matrix allocated
blobs_noise.png fuzzyness:5.0 k:12 rnd:48 init:K-Means++
Stack slices 1
Distance Matrix allocated


U


K-Means++
Allocating U^m matrix


UM


Distance Matrix allocated
blobs_noise.png fuzzyness:5.0 k:12 rnd:48 init:random U
Stack slices 1
Random U
Allocating U^m matrix


UM


Distance Matrix allocated
blobs_noise.png fuzzyness:5.0 k:12 rnd:1000 init:random V (Forgy)
Stack slices 1
Distance Matrix allocated
Random V
Allocating U^m matrix


UM


Distance Matrix allocated
blobs_noise.png fuzzyness:5.0 k:12 rnd:1000 init:K-Means++
Stack slices 1
Distance Matrix allocated


U


K-Means++
Allocating U^m matrix


UM


Distance Matrix allocated
blobs_noise.png fuzzyness:5.0 k:12 rnd:1000 init:random U
Stack slices 1
Random U
Allocating U^m matrix


UM


Distance Matrix allocated
blobs_noise.png fuzzyness:5.0 k:20 rnd:48 init:random V (Forgy)
Stack slices 1
Distance Matrix allocated
Random V
Allocating U^m matrix


UM


Distance Matrix allocated
blobs_noise.png fuzzyness:5.0 k:20 rnd:48 init:K-Means++
Stack slices 1
Distance Matrix allocated


U


K-Means++
Allocating U^m matrix


UM


Distance Matrix allocated
blobs_noise.png fuzzyness:5.0 k:20 rnd:48 init:random U
Stack slices 1
Random U
Allocating U^m matrix


UM


Distance Matrix allocated
blobs_noise.png fuzzyness:5.0 k:20 rnd:1000 init:random V (Forgy)
Stack slices 1
Distance Matrix allocated
Random V
Allocating U^m matrix


UM


Distance Matrix allocated
blobs_noise.png fuzzyness:5.0 k:20 rnd:1000 init:K-Means++
Stack slices 1
Distance Matrix allocated


U


K-Means++
Allocating U^m matrix


UM


Distance Matrix allocated
blobs_noise.png fuzzyness:5.0 k:20 rnd:1000 init:random U
Stack slices 1
Random U
Allocating U^m matrix


UM


Distance Matrix allocated
magicitaly.jpg fuzzyness:1.1 k:4 rnd:48 init:random V (Forgy)
Stack slices 3
Distance Matrix allocated
Random V
Allocating U^m matrix


UM


Distance Matrix allocated
magicitaly.jpg fuzzyness:1.1 k:4 rnd:48 init:K-Means++
Stack slices 3
Distance Matrix allocated


U


K-Means++
Allocating U^m matrix


UM


Distance Matrix allocated
magicitaly.jpg fuzzyness:1.1 k:4 rnd:48 init:random U
Stack slices 3
Random U
Allocating U^m matrix


UM


Distance Matrix allocated
magicitaly.jpg fuzzyness:1.1 k:4 rnd:1000 init:random V (Forgy)
Stack slices 3
Distance Matrix allocated
Random V
Allocating U^m matrix


UM


Distance Matrix allocated
magicitaly.jpg fuzzyness:1.1 k:4 rnd:1000 init:K-Means++
Stack slices 3
Distance Matrix allocated


U


K-Means++
Allocating U^m matrix


UM


Distance Matrix allocated
magicitaly.jpg fuzzyness:1.1 k:4 rnd:1000 init:random U
Stack slices 3
Random U
Allocating U^m matrix


UM


Distance Matrix allocated
magicitaly.jpg fuzzyness:1.1 k:12 rnd:48 init:random V (Forgy)
Stack slices 3
Distance Matrix allocated
Random V
Allocating U^m matrix


UM


Distance Matrix allocated
magicitaly.jpg fuzzyness:1.1 k:12 rnd:48 init:K-Means++
Stack slices 3
Distance Matrix allocated


U


K-Means++
Allocating U^m matrix


UM


Distance Matrix allocated
magicitaly.jpg fuzzyness:1.1 k:12 rnd:48 init:random U
Stack slices 3
Random U
Allocating U^m matrix


UM


Distance Matrix allocated
magicitaly.jpg fuzzyness:1.1 k:12 rnd:1000 init:random V (Forgy)
Stack slices 3
Distance Matrix allocated
Random V
Allocating U^m matrix


UM


Distance Matrix allocated
magicitaly.jpg fuzzyness:1.1 k:12 rnd:1000 init:K-Means++
Stack slices 3
Distance Matrix allocated


U


K-Means++
Allocating U^m matrix


UM


Distance Matrix allocated
magicitaly.jpg fuzzyness:1.1 k:12 rnd:1000 init:random U
Stack slices 3
Random U
Allocating U^m matrix


UM


Distance Matrix allocated
magicitaly.jpg fuzzyness:1.1 k:20 rnd:48 init:random V (Forgy)
Stack slices 3
Distance Matrix allocated
Random V
Allocating U^m matrix


UM


Distance Matrix allocated
magicitaly.jpg fuzzyness:1.1 k:20 rnd:48 init:K-Means++
Stack slices 3
Distance Matrix allocated


U


K-Means++
Allocating U^m matrix


UM


Distance Matrix allocated
magicitaly.jpg fuzzyness:1.1 k:20 rnd:48 init:random U
Stack slices 3
Random U
Allocating U^m matrix


UM


Distance Matrix allocated
magicitaly.jpg fuzzyness:1.1 k:20 rnd:1000 init:random V (Forgy)
Stack slices 3
Distance Matrix allocated
Random V
Allocating U^m matrix


UM


Distance Matrix allocated
magicitaly.jpg fuzzyness:1.1 k:20 rnd:1000 init:K-Means++
Stack slices 3
Distance Matrix allocated


U


K-Means++
Allocating U^m matrix


UM


Distance Matrix allocated
magicitaly.jpg fuzzyness:1.1 k:20 rnd:1000 init:random U
Stack slices 3
Random U
Allocating U^m matrix


UM


Distance Matrix allocated
magicitaly.jpg fuzzyness:2.0 k:4 rnd:48 init:random V (Forgy)
Stack slices 3
Distance Matrix allocated
Random V
Allocating U^m matrix


UM


Distance Matrix allocated
magicitaly.jpg fuzzyness:2.0 k:4 rnd:48 init:K-Means++
Stack slices 3
Distance Matrix allocated


U


K-Means++
Allocating U^m matrix


UM


Distance Matrix allocated
magicitaly.jpg fuzzyness:2.0 k:4 rnd:48 init:random U
Stack slices 3
Random U
Allocating U^m matrix


UM


Distance Matrix allocated
magicitaly.jpg fuzzyness:2.0 k:4 rnd:1000 init:random V (Forgy)
Stack slices 3
Distance Matrix allocated
Random V
Allocating U^m matrix


UM


Distance Matrix allocated
magicitaly.jpg fuzzyness:2.0 k:4 rnd:1000 init:K-Means++
Stack slices 3
Distance Matrix allocated


U


K-Means++
Allocating U^m matrix


UM


Distance Matrix allocated
magicitaly.jpg fuzzyness:2.0 k:4 rnd:1000 init:random U
Stack slices 3
Random U
Allocating U^m matrix


UM


Distance Matrix allocated
magicitaly.jpg fuzzyness:2.0 k:12 rnd:48 init:random V (Forgy)
Stack slices 3
Distance Matrix allocated
Random V
Allocating U^m matrix


UM


Distance Matrix allocated
magicitaly.jpg fuzzyness:2.0 k:12 rnd:48 init:K-Means++
Stack slices 3
Distance Matrix allocated


U


K-Means++
Allocating U^m matrix


UM


Distance Matrix allocated
magicitaly.jpg fuzzyness:2.0 k:12 rnd:48 init:random U
Stack slices 3
Random U
Allocating U^m matrix


UM


Distance Matrix allocated
magicitaly.jpg fuzzyness:2.0 k:12 rnd:1000 init:random V (Forgy)
Stack slices 3
Distance Matrix allocated
Random V
Allocating U^m matrix


UM


Distance Matrix allocated
magicitaly.jpg fuzzyness:2.0 k:12 rnd:1000 init:K-Means++
Stack slices 3
Distance Matrix allocated


U


K-Means++
Allocating U^m matrix


UM


Distance Matrix allocated
magicitaly.jpg fuzzyness:2.0 k:12 rnd:1000 init:random U
Stack slices 3
Random U
Allocating U^m matrix


UM


Distance Matrix allocated
magicitaly.jpg fuzzyness:2.0 k:20 rnd:48 init:random V (Forgy)
Stack slices 3
Distance Matrix allocated
Random V
Allocating U^m matrix


UM


Distance Matrix allocated
magicitaly.jpg fuzzyness:2.0 k:20 rnd:48 init:K-Means++
Stack slices 3
Distance Matrix allocated


U


K-Means++
Allocating U^m matrix


UM


Distance Matrix allocated
magicitaly.jpg fuzzyness:2.0 k:20 rnd:48 init:random U
Stack slices 3
Random U
Allocating U^m matrix


UM


Distance Matrix allocated
magicitaly.jpg fuzzyness:2.0 k:20 rnd:1000 init:random V (Forgy)
Stack slices 3
Distance Matrix allocated
Random V
Allocating U^m matrix


UM


Distance Matrix allocated
magicitaly.jpg fuzzyness:2.0 k:20 rnd:1000 init:K-Means++
Stack slices 3
Distance Matrix allocated


U


K-Means++
Allocating U^m matrix


UM


Distance Matrix allocated
magicitaly.jpg fuzzyness:2.0 k:20 rnd:1000 init:random U
Stack slices 3
Random U
Allocating U^m matrix


UM


Distance Matrix allocated
magicitaly.jpg fuzzyness:5.0 k:4 rnd:48 init:random V (Forgy)
Stack slices 3
Distance Matrix allocated
Random V
Allocating U^m matrix


UM


Distance Matrix allocated
magicitaly.jpg fuzzyness:5.0 k:4 rnd:48 init:K-Means++
Stack slices 3
Distance Matrix allocated


U


K-Means++
Allocating U^m matrix


UM


Distance Matrix allocated
magicitaly.jpg fuzzyness:5.0 k:4 rnd:48 init:random U
Stack slices 3
Random U
Allocating U^m matrix


UM


Distance Matrix allocated
magicitaly.jpg fuzzyness:5.0 k:4 rnd:1000 init:random V (Forgy)
Stack slices 3
Distance Matrix allocated
Random V
Allocating U^m matrix


UM


Distance Matrix allocated
magicitaly.jpg fuzzyness:5.0 k:4 rnd:1000 init:K-Means++
Stack slices 3
Distance Matrix allocated


U


K-Means++
Allocating U^m matrix


UM


Distance Matrix allocated
magicitaly.jpg fuzzyness:5.0 k:4 rnd:1000 init:random U
Stack slices 3
Random U
Allocating U^m matrix


UM


Distance Matrix allocated
magicitaly.jpg fuzzyness:5.0 k:12 rnd:48 init:random V (Forgy)
Stack slices 3
Distance Matrix allocated
Random V
Allocating U^m matrix


UM


Distance Matrix allocated
magicitaly.jpg fuzzyness:5.0 k:12 rnd:48 init:K-Means++
Stack slices 3
Distance Matrix allocated


U


K-Means++
Allocating U^m matrix


UM


Distance Matrix allocated
magicitaly.jpg fuzzyness:5.0 k:12 rnd:48 init:random U
Stack slices 3
Random U
Allocating U^m matrix


UM


Distance Matrix allocated
magicitaly.jpg fuzzyness:5.0 k:12 rnd:1000 init:random V (Forgy)
Stack slices 3
Distance Matrix allocated
Random V
Allocating U^m matrix


UM


Distance Matrix allocated
magicitaly.jpg fuzzyness:5.0 k:12 rnd:1000 init:K-Means++
Stack slices 3
Distance Matrix allocated


U


K-Means++
Allocating U^m matrix


UM


Distance Matrix allocated
magicitaly.jpg fuzzyness:5.0 k:12 rnd:1000 init:random U
Stack slices 3
Random U
Allocating U^m matrix


UM


Distance Matrix allocated
magicitaly.jpg fuzzyness:5.0 k:20 rnd:48 init:random V (Forgy)
Stack slices 3
Distance Matrix allocated
Random V
Allocating U^m matrix


UM


Distance Matrix allocated
magicitaly.jpg fuzzyness:5.0 k:20 rnd:48 init:K-Means++
Stack slices 3
Distance Matrix allocated


U


K-Means++
Allocating U^m matrix


UM


Distance Matrix allocated
magicitaly.jpg fuzzyness:5.0 k:20 rnd:48 init:random U
Stack slices 3
Random U
Allocating U^m matrix


UM


Distance Matrix allocated
magicitaly.jpg fuzzyness:5.0 k:20 rnd:1000 init:random V (Forgy)
Stack slices 3
Distance Matrix allocated
Random V
Allocating U^m matrix


UM


Distance Matrix allocated
magicitaly.jpg fuzzyness:5.0 k:20 rnd:1000 init:K-Means++
Stack slices 3
Distance Matrix allocated


U


K-Means++
Allocating U^m matrix


UM


Distance Matrix allocated
magicitaly.jpg fuzzyness:5.0 k:20 rnd:1000 init:random U
Stack slices 3
Random U
Allocating U^m matrix


UM


Distance Matrix allocated
]]></system-out>
  <system-err><![CDATA[]]></system-err>
</testsuite>
